<?xml version="1.0" encoding="UTF-8"?>
<!-- Generated by org.testng.reporters.JUnitReportReporter -->
<testsuite hostname="DESKTOP-NUEQ34Q" failures="0" tests="2" name="testNG_Annotation.TestNG_Study" time="0.028" errors="0" timestamp="2023-06-11T21:42:02 IST" skipped="0">
  <testcase classname="testNG_Annotation.TestNG_Study" name="entername" time="0.011">
    <system-out>
      <![CDATA[Aishwarya Deshmukh]]>
    </system-out>
  </testcase> <!-- entername -->
  <testcase classname="testNG_Annotation.TestNG_Study" name="EaditProfile" time="0.017">
    <system-out>
      <![CDATA[New Profile]]>
    </system-out>
  </testcase> <!-- EaditProfile -->
  <system-out>
    <![CDATA[Open the browser and Launch Url
Email
Password
New Profile
SignOut From Account
Email
Password
Aishwarya Deshmukh
SignOut From Account
Close the Browser]]>
  </system-out>
</testsuite> <!-- testNG_Annotation.TestNG_Study -->
