<?xml version="1.0" encoding="UTF-8"?>
<!-- Generated by org.testng.reporters.JUnitReportReporter -->
<testsuite hostname="DESKTOP-NUEQ34Q" failures="0" tests="1" name="testNG_Study.NewTest" time="0.022" errors="0" timestamp="2023-06-11T18:24:04 IST" skipped="0">
  <testcase classname="testNG_Study.NewTest" name="f" time="0.022">
    <system-out>
      <![CDATA[Hello]]>
    </system-out>
  </testcase> <!-- f -->
  <system-out>
    <![CDATA[Hello]]>
  </system-out>
</testsuite> <!-- testNG_Study.NewTest -->
